P00001606T0076|14 33|alkaline phosphatases
P00001606T0076|37 50|5-nucleotidase
P00015731A0090|36 52|carbonic anhydrase
P00027739T0000|0 28|Serum gamma glutamyltransferase
P00027967A0207|11 31|secretory HI antibodies
P00029953T0045|17 22|lipase
P00030183T0000|33 38|HLA-B5
P00030937A0119|0 3|SGPT
P00030937A0119|5 8|SGOT
P00030937A0119|13 31|alkaline phosphatase
P00033873T0001|0 26|Gamma glutamyl transpeptidase
P00033873T0001|28 31|GGTP
P00050628A0202|2 4|IgG
P00052597T0000|9 23|immunoglobulin E
P00054900A0226|0 9|Peroxydase
P00054900A0226|37 57|chloroacetate esterase
P00055040A0000|116 125|fibrinogen
P00055040A0000|127 132|fibrin
P00055040A0000|158 167|FR-antigen
P00055040A0000|243 254|cryoglobulin
P00055040A0000|269 278|fibrinogen
P00056901A0308|10 21|human albumin
P00066874T0000|26 41|alpha fetoprotein
P00072928T0000|0 13|Serum-ferritin
P00083846T0000|0 6|Albumin
P00089778A0000|18 37|alpha 2-macroglobulin
P00089778A0000|39 56|alpha 1-antitrypsin
P00089778A0000|58 68|plasminogen
P00089778A0000|70 82|C3-complement
P00089778A0000|84 93|fibrinogen
P00100540T0000|44 66|platelet cyclo-oxygenase
P00101300A0257|37 38|T1
P00101300A0257|40 41|T2
P00101300A0257|43 44|T3
P00101300A0257|46 47|N0
P00101300A0257|49 50|N1
P00105401A0635|52 65|thyroid hormone
P00105401A0635|75 77|TBG
P00139624A0318|48 65|serum ceruloplasmin
P00150066A0100|11 20|fibrinogen
P00150066A0100|52 59|thrombin
P00154430A0906|94 114|HindIII-EcoRI fragment
P00173860A0475|37 45|aflatoxin
P00201881A0487|65 68|ACTH
P00201881A0487|72 74|MSH
P00209664A0836|33 34|LH
P00216939T0001|32 61|tricarboxylic acid dehydrogenase
P00219565A0172|14 30|hepatitis B antigen
P00221725A0523|25 41|cytochrome oxidase
P00221725A0523|43 52|peroxidase
P00222102A0227|57 76|vitamin-D-3 and 1 alpha
P00224013A0661|335 359|beta-Vasodilator receptors
P00227393T0000|12 45|25-hydroxyvitamin D3-24-hydroxylase
P00227393T0000|63 90|cytochrome P-450 monooxygenase
P00227610A1593|31 37|DBP mRNA
P00231555T0001|74 77|ACTH
P00232354A0286|5 8|ACTH
P00232354A0286|24 30|insulin
P00232456T0000|12 21|RNA and gene
P00232456T0000|127 143|transforming genes
P00234264A0164|0 26|Gamma glutamyl transpeptidase
P00239169T0000|0 15|Dopamine receptor
P00261981A0434|23 34|somatomedin A
P00264240A1843|152 170|X. laevis oocyte 5S DNA
P00304806A0760|12 24|serum alpha1AT
P00331128A0000|17 26|calcitonin
P00331936T0000|11 35|anti-lymphocyte antibodies
P00331936T0000|44 59|immunoperoxidase
P00331936T0000|60 71|antiglobulin
P00336354A0543|18 19|GH
P00336354A0543|59 65|insulin
P00336547A0000|130 132|ICR
P00336547A0000|266 268|CBA
P00336547A0000|270 272|LAC
P00342623A0228|49 60|type B antigen
P00369397A0280|5 7|FSH
P00369397A0280|11 12|LH
P00369397A0280|56 59|GnRH
P00369397A0280|82 84|FSH
P00369397A0280|88 89|LH
P00377466A0188|19 36|luteinizing hormone
P00377466A0188|42 67|follicle stimulating hormone
P00377466A0188|69 71|FSH
P00377466A0188|74 82|prolactin
P00377466A0188|84 87|HPRL
P00378492A0475|98 108|plasma renin
P00383169A0000|46 61|dopamine receptor
P00385457A0187|20 25|pepsin
P00420460A0291|65 69|renin
P00429949A0000|103 116|human prolactin
P00429949A0000|195 197|IRP
P00429949A0000|201 214|human prolactin
P00431832T0001|42 53|beta receptor
P00432615A0541|85 103|bovine gammaglobulin
P00445259T0000|5 12|ferritin
P00453780A0430|20 22|IgA
P00453780A0430|155 157|IgA
P00454780A0340|81 84|Ta 6 V
P00464387A1185|30 32|IgE
P00465681A0000|7 16|hemoglobin
P00473249T0000|40 52|streptolysin O
P00499588T0000|49 55|insulin
P00503336A0285|81 99|alkaline phosphatase
P00512215A0000|110 111|f1
P00512215A0000|113 114|f2
P00512215A0000|116 117|f1
P00512215A0000|136 137|L1
P00512215A0000|139 140|L2
P00521732T0000|81 97|steroid sulphatase
P00528144T0000|11 21|transferrin
P00534613A0000|95 102|collagen
P00557559A0170|21 37|alpha-(3-methyl-2
P00589073A0000|21 29|prolactin
P00593119T0001|42 44|IgE
P00593119T0001|75 102|allergospecific IgE antibodies
P00594617A0192|89 91|FDP
P00594617A0192|171 184|fibrin monomers
P00597715A0256|79 81|FSH
P00598012A0174|7 15|prolactin
P00598012A0174|84 92|prolactin
P00601401A0181|6 15|hemoglobin
P00603783A0647|13 15|IgG
P00603783A0647|19 21|IgM
P00603783A0647|77 79|IgA
P00606849T0000|41 53|thromboxane A2
P00618078A0367|14 21|lysozyme
P00622556A0111|16 23|collagen
P00627129A0944|165 191|alpha-and beta-adrenoceptors
P00637637T0000|27 37|plasma renin
P00656008T0000|41 59|superoxide dismutase
P00665053A0276|49 50|H1
P00668122A0414|106 113|ferritin
P00676790T0000|0 10|Angiotensin
P00696858A0000|22 36|porcine secretin
P00710372A0302|82 83|GH
P00715753A0241|10 14|CK-MB
P00715753A0241|59 61|CPK
P00715753A0241|115 119|CK-MB
P00716366T0001|22 50|alkaline phosphatase isoenzymes
P00725534A0888|40 47|M. leprae
P00725534A0888|66 68|IgA
P00725534A0888|139 141|IgA
P00725752T0001|44 65|adrenergic beta receptor
P00748978T0000|0 11|Serum relaxin
P00759400T0000|26 44|5-HT releasing factor
P00767161A0837|31 32|E2
P00779272T0001|32 48|Epstein-Barr virus
P00780639X0000|0 22|Carcinoembryonic antigen
P00780639X0000|24 26|CEA
P00792847A0000|21 42|antilymphocyte globulin
P00792847A0000|44 46|ALG
P00812183T0000|10 23|transfer factor
P00818380A0239|0 15|Rheumatoid factor
P00830568A0000|160 165|STG-BI
P00830568A0000|191 197|STG-BII
P00837811A0675|61 73|gamma globulin
P00846559A0000|187 194|T-2 toxin
P00857024A0888|76 84|properdin
P00866577A0579|21 41|plasminogen activators
P00881630A0000|70 86|Direct Lytic Factor
P00881630A0000|90 104|Phospholipase-A
P00898500A0246|143 153|IgE antibody
P00909114A0000|19 21|DAN
P00917572T0001|14 16|TSH
P00918556A0000|15 38|hepatitis B surface antigen
P00918556A0000|40 44|HBsAg
P00918556A0000|49 56|anti-HBs
P00947834X0000|13 15|IgE
P00954819A1041|128 131|AChE
P00956554A0414|95 107|IgE antibodies
P00959656A0250|39 53|antithrombin III
P00970488A0105|75 84|DA receptor
P00984209A0614|5 11|gastrin
P00984209A0614|67 73|gastrin
P00985279A0493|15 24|hemoglobin
P00986925A0002|11 20|calcitonin
P00986925A0002|70 77|glucagon
P00989973A0000|22 31|fibrinogen
P00993176A0066|5 13|myoglobin
P00993176A0066|35 44|hemoglobin
P00993176A0066|116 125|hemoglobin
P01000378T0000|22 29|glucagon
P01000378T0000|33 39|insulin
P01004298A0744|34 44|CA component
P01009451A0728|23 24|UB
P01021091T0000|110 120|Octapressin
P01048968A0152|108 121|beta-lactamase
P01078982A0227|69 90|antilymphocyte globulin
P01078982A0227|92 94|ALG
P01081904A0198|0 5|Fibrin
P01082726A0248|44 45|DC
P01082726A0248|47 49|ERG
P01083375T0000|0 17|Alpha-1 antitrypsin
P01083784T0000|30 32|IgE
P01098592A0567|0 2|IgG
P01113908A0475|30 41|transferrin 2
P01116466A0185|0 13|Thromboplastin
P01116466A0185|26 39|thromboplastin
P01116466A0185|45 52|thrombin
P01116466A0185|58 77|heat-dependent fibrin
P01116466A0185|115 120|V, VIII
P01130186A0568|47 53|insulin
P01140184A0342|48 61|epoxide hydrase
P01150658A0683|39 61|human luteinizing hormone
P01158512T0000|0 31|Glucose-6-phosphate dehydrogenase
P01158512T0000|33 35|G-6
P01168607A0672|86 96|prothrombin
P01171935A0313|134 153|dopamine receptor site
P01172734T0035|15 22|HL-A W-27
P01190120A0832|39 52|thromboplastin
P01191964A0000|177 179|T-4
P01191964A0000|258 269|thyrotrophin
P01224116A0576|35 54|serum immunoglobulins
P01224116A0576|63 65|IgG
P01228882A0437|63 80|CSF immunoglobulins
P01243628A0286|49 65|carboxyhemoglobin
P01243628A0286|67 70|COHb
P01256410T0001|16 31|factor II molecule
P01265887T0001|8 17|factor VIII
P01275541A0405|21 23|CPK
P01276105A0313|14 20|insulin
P01279352A1197|16 28|NF(H) promoter
P01279352A1197|133 162|beta-galactosidase reporter gene
P01279374A0396|118 123|PET122
P01280807A0575|18 41|MetRS/CAU operator complex
P01280807A0575|80 96|ThrRS/CGU operator
P01281771T0000|21 50|human gene encoding cytokeratin 17
P01284828T0001|0 25|Tissue plasminogen activator
P01285009A0000|26 43|human growth hormone
P01285009A0000|90 109|mouse metallothionein
P01285009A0000|137 139|vTK
P01285009A0000|142 159|rat cholecystokinin
P01285009A0000|161 164|rCCK
P01285358A0396|5 11|gastrin
P01285358A0396|15 17|AFP
